[150007.938][0016][Information] - Default Quartz.NET properties loaded from embedded resource file
[150007.955][0016][Information] - Initialized Scheduler Signaller of type: Quartz.Core.SchedulerSignalerImpl
[150007.957][0016][Information] - Quartz Scheduler created
[150007.960][0016][Information] - RAMJobStore initialized.
[150007.961][0016][Information] - Quartz Scheduler 3.6.2.0 - 'DefaultQuartzScheduler' with instanceId 'NON_CLUSTERED' initialized
[150007.963][0016][Information] - Using thread pool 'Quartz.Simpl.DefaultThreadPool', size: 10
[150007.964][0016][Information] - Using job store 'Quartz.Simpl.RAMJobStore', supports persistence: False, clustered: False
[150007.970][0016][Information] - Scheduler DefaultQuartzScheduler_$_NON_CLUSTERED started.
[150442.787][0010][Information] - Default Quartz.NET properties loaded from embedded resource file
[150442.804][0010][Information] - Initialized Scheduler Signaller of type: Quartz.Core.SchedulerSignalerImpl
[150442.805][0010][Information] - Quartz Scheduler created
[150442.808][0010][Information] - RAMJobStore initialized.
[150442.809][0010][Information] - Quartz Scheduler 3.6.2.0 - 'DefaultQuartzScheduler' with instanceId 'NON_CLUSTERED' initialized
[150442.811][0010][Information] - Using thread pool 'Quartz.Simpl.DefaultThreadPool', size: 10
[150442.813][0010][Information] - Using job store 'Quartz.Simpl.RAMJobStore', supports persistence: False, clustered: False
[150442.818][0010][Information] - Scheduler DefaultQuartzScheduler_$_NON_CLUSTERED started.
[150547.815][0008][Information] - Default Quartz.NET properties loaded from embedded resource file
[150547.831][0008][Information] - Initialized Scheduler Signaller of type: Quartz.Core.SchedulerSignalerImpl
[150547.833][0008][Information] - Quartz Scheduler created
[150547.834][0008][Information] - RAMJobStore initialized.
[150547.836][0008][Information] - Quartz Scheduler 3.6.2.0 - 'DefaultQuartzScheduler' with instanceId 'NON_CLUSTERED' initialized
[150547.837][0008][Information] - Using thread pool 'Quartz.Simpl.DefaultThreadPool', size: 10
[150547.839][0008][Information] - Using job store 'Quartz.Simpl.RAMJobStore', supports persistence: False, clustered: False
[150547.844][0008][Information] - Scheduler DefaultQuartzScheduler_$_NON_CLUSTERED started.
[150646.788][0005][Information] - Default Quartz.NET properties loaded from embedded resource file
[150646.804][0005][Information] - Initialized Scheduler Signaller of type: Quartz.Core.SchedulerSignalerImpl
[150646.805][0005][Information] - Quartz Scheduler created
[150646.808][0005][Information] - RAMJobStore initialized.
[150646.809][0005][Information] - Quartz Scheduler 3.6.2.0 - 'DefaultQuartzScheduler' with instanceId 'NON_CLUSTERED' initialized
[150646.811][0005][Information] - Using thread pool 'Quartz.Simpl.DefaultThreadPool', size: 10
[150646.813][0005][Information] - Using job store 'Quartz.Simpl.RAMJobStore', supports persistence: False, clustered: False
[150646.817][0005][Information] - Scheduler DefaultQuartzScheduler_$_NON_CLUSTERED started.
[151209.255][0007][Information] - Default Quartz.NET properties loaded from embedded resource file
[151209.274][0007][Information] - Initialized Scheduler Signaller of type: Quartz.Core.SchedulerSignalerImpl
[151209.275][0007][Information] - Quartz Scheduler created
[151209.277][0007][Information] - RAMJobStore initialized.
[151209.279][0007][Information] - Quartz Scheduler 3.6.2.0 - 'DefaultQuartzScheduler' with instanceId 'NON_CLUSTERED' initialized
[151209.280][0007][Information] - Using thread pool 'Quartz.Simpl.DefaultThreadPool', size: 10
[151209.282][0007][Information] - Using job store 'Quartz.Simpl.RAMJobStore', supports persistence: False, clustered: False
[151209.287][0007][Information] - Scheduler DefaultQuartzScheduler_$_NON_CLUSTERED started.
[152508.096][0007][Information] - Default Quartz.NET properties loaded from embedded resource file
[152508.113][0007][Information] - Initialized Scheduler Signaller of type: Quartz.Core.SchedulerSignalerImpl
[152508.115][0007][Information] - Quartz Scheduler created
[152508.118][0007][Information] - RAMJobStore initialized.
[152508.120][0007][Information] - Quartz Scheduler 3.6.2.0 - 'DefaultQuartzScheduler' with instanceId 'NON_CLUSTERED' initialized
[152508.122][0007][Information] - Using thread pool 'Quartz.Simpl.DefaultThreadPool', size: 10
[152508.124][0007][Information] - Using job store 'Quartz.Simpl.RAMJobStore', supports persistence: False, clustered: False
[152508.130][0007][Information] - Scheduler DefaultQuartzScheduler_$_NON_CLUSTERED started.
[152508.157][0007][Information] - Listening on 192.168.0.106:5816
[152508.239][0007][      Error] - Failed to connect to the server... [Object reference not set to an instance of an object.]
[152605.995][0005][Information] - Default Quartz.NET properties loaded from embedded resource file
[152606.012][0005][Information] - Initialized Scheduler Signaller of type: Quartz.Core.SchedulerSignalerImpl
[152606.013][0005][Information] - Quartz Scheduler created
[152606.016][0005][Information] - RAMJobStore initialized.
[152606.018][0005][Information] - Quartz Scheduler 3.6.2.0 - 'DefaultQuartzScheduler' with instanceId 'NON_CLUSTERED' initialized
[152606.020][0005][Information] - Using thread pool 'Quartz.Simpl.DefaultThreadPool', size: 10
[152606.021][0005][Information] - Using job store 'Quartz.Simpl.RAMJobStore', supports persistence: False, clustered: False
[152606.026][0005][Information] - Scheduler DefaultQuartzScheduler_$_NON_CLUSTERED started.
[152606.052][0005][Information] - Listening on 192.168.0.106:5816
[152606.118][0005][      Error] - Failed to connect to the server... [Object reference not set to an instance of an object.]
[153844.734][0013][Information] - Default Quartz.NET properties loaded from embedded resource file
[153844.754][0013][Information] - Initialized Scheduler Signaller of type: Quartz.Core.SchedulerSignalerImpl
[153844.756][0013][Information] - Quartz Scheduler created
[153844.758][0013][Information] - RAMJobStore initialized.
[153844.759][0013][Information] - Quartz Scheduler 3.6.2.0 - 'DefaultQuartzScheduler' with instanceId 'NON_CLUSTERED' initialized
[153844.761][0013][Information] - Using thread pool 'Quartz.Simpl.DefaultThreadPool', size: 10
[153844.762][0013][Information] - Using job store 'Quartz.Simpl.RAMJobStore', supports persistence: False, clustered: False
[153844.767][0013][Information] - Scheduler DefaultQuartzScheduler_$_NON_CLUSTERED started.
[153844.796][0013][Information] - Listening on 192.168.0.106:5816
[153844.803][0007][Information] - Connecting to account server...
[153845.002][0007][Information] - Connecting to account server...
[153846.019][0017][Information] - Connecting to account server...
[153847.016][0017][Information] - Connecting to account server...
[153848.013][0017][Information] - Connecting to account server...
[153849.011][0007][Information] - Connecting to account server...
[153850.008][0007][Information] - Connecting to account server...
[153851.005][0007][Information] - Connecting to account server...
[153852.005][0019][Information] - Connecting to account server...
[153853.009][0010][Information] - Connecting to account server...
[153854.015][0010][Information] - Connecting to account server...
[153855.018][0015][Information] - Connecting to account server...
[153856.007][0007][Information] - Connecting to account server...
[153857.006][0007][Information] - Connecting to account server...
[153858.005][0013][Information] - Connecting to account server...
[153859.003][0007][Information] - Connecting to account server...
[153900.015][0010][Information] - Connecting to account server...
[153901.011][0010][Information] - Connecting to account server...
[153902.014][0018][Information] - Connecting to account server...
[153903.007][0010][Information] - Connecting to account server...
[153904.007][0013][Information] - Connecting to account server...
[153905.012][0019][Information] - Connecting to account server...
[153906.011][0010][Information] - Connecting to account server...
[153907.009][0013][Information] - Connecting to account server...
[153908.009][0007][Information] - Connecting to account server...
[153909.013][0007][Information] - Connecting to account server...
[153910.009][0007][Information] - Connecting to account server...
[153911.006][0013][Information] - Connecting to account server...
[153912.007][0015][Information] - Connecting to account server...
[153913.016][0007][Information] - Connecting to account server...
[153914.010][0007][Information] - Connecting to account server...
[153915.012][0007][Information] - Connecting to account server...
[153916.014][0007][Information] - Connecting to account server...
[153917.012][0013][Information] - Connecting to account server...
[153918.012][0007][Information] - Connecting to account server...
[153919.007][0017][Information] - Connecting to account server...
[153920.005][0015][Information] - Connecting to account server...
[153921.018][0019][Information] - Connecting to account server...
[153922.002][0007][Information] - Connecting to account server...
[153923.014][0015][Information] - Connecting to account server...
[153924.008][0007][Information] - Connecting to account server...
[153925.011][0019][Information] - Connecting to account server...
[153926.012][0013][Information] - Connecting to account server...
[153927.005][0015][Information] - Connecting to account server...
[153928.014][0015][Information] - Connecting to account server...
[153929.010][0015][Information] - Connecting to account server...
[154207.022][0005][Information] - Default Quartz.NET properties loaded from embedded resource file
[154207.038][0005][Information] - Initialized Scheduler Signaller of type: Quartz.Core.SchedulerSignalerImpl
[154207.040][0005][Information] - Quartz Scheduler created
[154207.042][0005][Information] - RAMJobStore initialized.
[154207.044][0005][Information] - Quartz Scheduler 3.6.2.0 - 'DefaultQuartzScheduler' with instanceId 'NON_CLUSTERED' initialized
[154207.045][0005][Information] - Using thread pool 'Quartz.Simpl.DefaultThreadPool', size: 10
[154207.047][0005][Information] - Using job store 'Quartz.Simpl.RAMJobStore', supports persistence: False, clustered: False
[154207.052][0005][Information] - Scheduler DefaultQuartzScheduler_$_NON_CLUSTERED started.
[154207.079][0005][Information] - Listening on 192.168.0.106:5816
[154207.085][0008][Information] - Connecting to account server...
[154208.014][0005][Information] - Connecting to account server...
[154209.013][0008][Information] - Connecting to account server...
[154210.007][0013][Information] - Connecting to account server...
[154211.003][0013][Information] - Connecting to account server...
[154212.012][0008][Information] - Connecting to account server...
[154213.008][0005][Information] - Connecting to account server...
[154214.014][0016][Information] - Connecting to account server...
[154215.007][0016][Information] - Connecting to account server...
[154216.003][0013][Information] - Connecting to account server...
[154217.004][0017][Information] - Connecting to account server...
[154218.016][0005][Information] - Connecting to account server...
[154219.012][0016][Information] - Connecting to account server...
[154220.010][0005][Information] - Connecting to account server...
[154221.004][0008][Information] - Connecting to account server...
[154222.015][0008][Information] - Connecting to account server...
[154223.014][0005][Information] - Connecting to account server...
[154224.019][0013][Information] - Connecting to account server...
[154225.015][0005][Information] - Connecting to account server...
[154226.010][0008][Information] - Connecting to account server...
[154227.021][0005][Information] - Connecting to account server...
[154228.021][0005][Information] - Connecting to account server...
[154229.004][0013][Information] - Connecting to account server...
[154230.013][0008][Information] - Connecting to account server...
[154231.010][0008][Information] - Connecting to account server...
[154232.004][0008][Information] - Connecting to account server...
[154233.012][0017][Information] - Connecting to account server...
[154234.004][0008][Information] - Connecting to account server...
[154235.029][0016][Information] - Connecting to account server...
[154236.026][0008][Information] - Connecting to account server...
[154237.036][0017][Information] - Connecting to account server...
[154238.030][0013][Information] - Connecting to account server...
[154239.023][0008][Information] - Connecting to account server...
[154240.008][0013][Information] - Connecting to account server...
[154241.019][0017][Information] - Connecting to account server...
[154242.028][0005][Information] - Connecting to account server...
[154243.022][0016][Information] - Connecting to account server...
[154244.029][0005][Information] - Connecting to account server...
[154245.021][0017][Information] - Connecting to account server...
[154246.019][0005][Information] - Connecting to account server...
[154247.017][0008][Information] - Connecting to account server...
[154248.032][0005][Information] - Connecting to account server...
[154249.007][0005][Information] - Connecting to account server...
[154250.017][0005][Information] - Connecting to account server...
[154251.002][0005][Information] - Connecting to account server...
[154252.009][0005][Information] - Connecting to account server...
[154253.022][0005][Information] - Connecting to account server...
[154254.016][0005][Information] - Connecting to account server...
[154255.014][0008][Information] - Connecting to account server...
[154256.010][0008][Information] - Connecting to account server...
[154257.010][0016][Information] - Connecting to account server...
[154258.008][0013][Information] - Connecting to account server...
[154259.020][0008][Information] - Connecting to account server...
[154300.017][0016][Information] - Connecting to account server...
[154301.013][0016][Information] - Connecting to account server...
[154302.013][0005][Information] - Connecting to account server...
[154303.009][0005][Information] - Connecting to account server...
[154304.006][0005][Information] - Connecting to account server...
[154305.017][0016][Information] - Connecting to account server...
[154306.014][0008][Information] - Connecting to account server...
[154307.023][0016][Information] - Connecting to account server...
[154308.009][0013][Information] - Connecting to account server...
[154309.030][0013][Information] - Connecting to account server...
[154310.028][0017][Information] - Connecting to account server...
[154311.024][0013][Information] - Connecting to account server...
[154312.031][0005][Information] - Connecting to account server...
[154313.038][0008][Information] - Connecting to account server...
[154314.027][0008][Information] - Connecting to account server...
[154315.006][0008][Information] - Connecting to account server...
[154316.015][0005][Information] - Connecting to account server...
[154317.009][0005][Information] - Connecting to account server...
[154318.023][0016][Information] - Connecting to account server...
[154319.017][0008][Information] - Connecting to account server...
[154320.014][0013][Information] - Connecting to account server...
[154321.009][0008][Information] - Connecting to account server...
[154322.006][0008][Information] - Connecting to account server...
[154323.003][0013][Information] - Connecting to account server...
[154324.011][0016][Information] - Connecting to account server...
[154325.020][0008][Information] - Connecting to account server...
[154326.016][0008][Information] - Connecting to account server...
[154327.010][0005][Information] - Connecting to account server...
[154328.016][0016][Information] - Connecting to account server...
[154329.007][0013][Information] - Connecting to account server...
[154330.005][0005][Information] - Connecting to account server...
[154331.020][0005][Information] - Connecting to account server...
[154332.015][0013][Information] - Connecting to account server...
[154333.011][0008][Information] - Connecting to account server...
[154334.004][0016][Information] - Connecting to account server...
[154335.013][0005][Information] - Connecting to account server...
[154336.009][0005][Information] - Connecting to account server...
[154337.008][0013][Information] - Connecting to account server...
[154338.017][0008][Information] - Connecting to account server...
[154339.028][0017][Information] - Connecting to account server...
[154340.011][0017][Information] - Connecting to account server...
[154341.037][0005][Information] - Connecting to account server...
[154342.020][0013][Information] - Connecting to account server...
[154343.029][0008][Information] - Connecting to account server...
[154344.030][0005][Information] - Connecting to account server...
[154345.038][0008][Information] - Connecting to account server...
[154346.019][0008][Information] - Connecting to account server...
[154347.029][0016][Information] - Connecting to account server...
[154348.041][0013][Information] - Connecting to account server...
[154349.010][0005][Information] - Connecting to account server...
[154350.021][0008][Information] - Connecting to account server...
[154351.019][0013][Information] - Connecting to account server...
[154352.002][0005][Information] - Connecting to account server...
[154353.016][0013][Information] - Connecting to account server...
[154354.011][0016][Information] - Connecting to account server...
[154355.022][0008][Information] - Connecting to account server...
[154356.016][0008][Information] - Connecting to account server...
[154357.012][0005][Information] - Connecting to account server...
[154358.010][0008][Information] - Connecting to account server...
[154359.026][0008][Information] - Connecting to account server...
[154400.013][0016][Information] - Connecting to account server...
[154401.021][0005][Information] - Connecting to account server...
[154402.012][0008][Information] - Connecting to account server...
[154403.023][0008][Information] - Connecting to account server...
[154404.016][0008][Information] - Connecting to account server...
[154405.008][0008][Information] - Connecting to account server...
[154406.010][0008][Information] - Connecting to account server...
[154407.023][0008][Information] - Connecting to account server...
[154408.006][0008][Information] - Connecting to account server...
[154409.018][0005][Information] - Connecting to account server...
[154410.004][0005][Information] - Connecting to account server...
[154411.002][0005][Information] - Connecting to account server...
[154412.014][0005][Information] - Connecting to account server...
[154413.011][0016][Information] - Connecting to account server...
[154414.012][0005][Information] - Connecting to account server...
[154415.012][0016][Information] - Connecting to account server...
[154416.009][0008][Information] - Connecting to account server...
[154417.008][0008][Information] - Connecting to account server...
[154418.012][0008][Information] - Connecting to account server...
[154419.014][0016][Information] - Connecting to account server...
[154420.009][0008][Information] - Connecting to account server...
[154421.007][0017][Information] - Connecting to account server...
[154422.004][0005][Information] - Connecting to account server...
[154423.016][0016][Information] - Connecting to account server...
[154424.014][0005][Information] - Connecting to account server...
[154425.007][0008][Information] - Connecting to account server...
[154426.006][0005][Information] - Connecting to account server...
[154427.018][0016][Information] - Connecting to account server...
[154428.012][0005][Information] - Connecting to account server...
[154429.011][0016][Information] - Connecting to account server...
[154430.007][0005][Information] - Connecting to account server...
[154431.009][0016][Information] - Connecting to account server...
[154432.009][0005][Information] - Connecting to account server...
[154433.007][0005][Information] - Connecting to account server...
[154434.017][0008][Information] - Connecting to account server...
[154435.013][0008][Information] - Connecting to account server...
[154436.012][0005][Information] - Connecting to account server...
[154437.009][0008][Information] - Connecting to account server...
[154438.007][0013][Information] - Connecting to account server...
[154439.006][0013][Information] - Connecting to account server...
[154440.009][0005][Information] - Connecting to account server...
[154441.011][0008][Information] - Connecting to account server...
[154442.009][0008][Information] - Connecting to account server...
[154443.008][0005][Information] - Connecting to account server...
[154444.016][0017][Information] - Connecting to account server...
[154445.012][0008][Information] - Connecting to account server...
[154446.012][0005][Information] - Connecting to account server...
[154447.016][0005][Information] - Connecting to account server...
[154448.017][0005][Information] - Connecting to account server...
[154449.013][0008][Information] - Connecting to account server...
[154450.012][0005][Information] - Connecting to account server...
[154451.010][0008][Information] - Connecting to account server...
[154452.009][0008][Information] - Connecting to account server...
[154453.009][0005][Information] - Connecting to account server...
[154454.016][0017][Information] - Connecting to account server...
[154455.013][0005][Information] - Connecting to account server...
[154456.007][0005][Information] - Connecting to account server...
[154457.009][0013][Information] - Connecting to account server...
[154458.020][0008][Information] - Connecting to account server...
[154459.015][0005][Information] - Connecting to account server...
[154500.010][0017][Information] - Connecting to account server...
[154501.009][0008][Information] - Connecting to account server...
[154502.005][0008][Information] - Connecting to account server...
[154503.022][0017][Information] - Connecting to account server...
[154504.014][0016][Information] - Connecting to account server...
[154505.009][0008][Information] - Connecting to account server...
[154506.017][0008][Information] - Connecting to account server...
[154507.027][0008][Information] - Connecting to account server...
[154508.023][0005][Information] - Connecting to account server...
[154509.017][0005][Information] - Connecting to account server...
[154510.016][0016][Information] - Connecting to account server...
[154511.011][0016][Information] - Connecting to account server...
[154512.010][0005][Information] - Connecting to account server...
[154513.010][0008][Information] - Connecting to account server...
[154514.021][0013][Information] - Connecting to account server...
[154515.013][0008][Information] - Connecting to account server...
[154516.013][0016][Information] - Connecting to account server...
[154517.009][0005][Information] - Connecting to account server...
[154518.017][0005][Information] - Connecting to account server...
[154519.012][0008][Information] - Connecting to account server...
[154520.009][0018][Information] - Connecting to account server...
[154521.040][0013][Information] - Connecting to account server...
[154522.019][0008][Information] - Connecting to account server...
[154523.009][0005][Information] - Connecting to account server...
[154524.027][0005][Information] - Connecting to account server...
[154525.034][0008][Information] - Connecting to account server...
[154526.012][0008][Information] - Connecting to account server...
[154527.012][0018][Information] - Connecting to account server...
[154529.056][0008][      Error] - Failed to connect to the server...
[154529.059][0013][Information] - Connecting to account server...
[154531.091][0005][      Error] - Failed to connect to the server...
[154531.093][0008][Information] - Connecting to account server...
[154533.134][0008][      Error] - Failed to connect to the server...
[154533.136][0013][Information] - Connecting to account server...
[154535.167][0005][      Error] - Failed to connect to the server...
[154535.169][0005][Information] - Connecting to account server...
[154537.213][0008][      Error] - Failed to connect to the server...
[154537.215][0016][Information] - Connecting to account server...
[154539.258][0005][      Error] - Failed to connect to the server...
[154539.260][0005][Information] - Connecting to account server...
[154541.305][0018][      Error] - Failed to connect to the server...
[154541.307][0018][Information] - Connecting to account server...
[154543.344][0008][      Error] - Failed to connect to the server...
[154543.346][0016][Information] - Connecting to account server...
[154545.391][0008][      Error] - Failed to connect to the server...
[154545.393][0008][Information] - Connecting to account server...
[154547.435][0008][      Error] - Failed to connect to the server...
[154547.437][0008][Information] - Connecting to account server...
[154549.484][0008][      Error] - Failed to connect to the server...
[154549.486][0005][Information] - Connecting to account server...
[154551.528][0013][      Error] - Failed to connect to the server...
[154551.530][0016][Information] - Connecting to account server...
[154553.576][0013][      Error] - Failed to connect to the server...
[154553.578][0016][Information] - Connecting to account server...
[154555.608][0005][      Error] - Failed to connect to the server...
[154555.611][0005][Information] - Connecting to account server...
[154557.641][0008][      Error] - Failed to connect to the server...
[154557.643][0008][Information] - Connecting to account server...
[154559.688][0018][      Error] - Failed to connect to the server...
[154559.690][0018][Information] - Connecting to account server...
[154601.736][0020][      Error] - Failed to connect to the server...
[154601.738][0020][Information] - Connecting to account server...
[154603.772][0005][      Error] - Failed to connect to the server...
[154603.774][0016][Information] - Connecting to account server...
[154605.814][0005][      Error] - Failed to connect to the server...
[154605.816][0013][Information] - Connecting to account server...
[154607.869][0013][      Error] - Failed to connect to the server...
[154607.871][0016][Information] - Connecting to account server...
[154609.901][0008][      Error] - Failed to connect to the server...
[154609.904][0008][Information] - Connecting to account server...
[154611.941][0005][      Error] - Failed to connect to the server...
[154611.944][0016][Information] - Connecting to account server...
[154613.985][0008][      Error] - Failed to connect to the server...
[154613.988][0013][Information] - Connecting to account server...
[154616.049][0005][      Error] - Failed to connect to the server...
[154616.050][0013][Information] - Connecting to account server...
[154618.100][0017][      Error] - Failed to connect to the server...
[154618.102][0013][Information] - Connecting to account server...
[154620.138][0017][      Error] - Failed to connect to the server...
[154620.140][0017][Information] - Connecting to account server...
[154622.191][0017][      Error] - Failed to connect to the server...
[154622.193][0017][Information] - Connecting to account server...
[154624.223][0005][      Error] - Failed to connect to the server...
[154624.225][0013][Information] - Connecting to account server...
[154626.268][0005][      Error] - Failed to connect to the server...
[154626.271][0005][Information] - Connecting to account server...
[154628.303][0019][      Error] - Failed to connect to the server...
[154628.305][0019][Information] - Connecting to account server...
[154630.351][0013][      Error] - Failed to connect to the server...
[154630.355][0013][Information] - Connecting to account server...
[154632.391][0008][      Error] - Failed to connect to the server...
[154632.393][0008][Information] - Connecting to account server...
[154634.451][0005][      Error] - Failed to connect to the server...
[154634.456][0017][Information] - Connecting to account server...
[154636.500][0005][      Error] - Failed to connect to the server...
[154636.502][0008][Information] - Connecting to account server...
[154638.543][0005][      Error] - Failed to connect to the server...
[154638.545][0005][Information] - Connecting to account server...
[154640.586][0013][      Error] - Failed to connect to the server...
[154640.589][0017][Information] - Connecting to account server...
[154642.633][0016][      Error] - Failed to connect to the server...
[154642.635][0016][Information] - Connecting to account server...
[154644.667][0005][      Error] - Failed to connect to the server...
[154644.668][0008][Information] - Connecting to account server...
[154646.717][0005][      Error] - Failed to connect to the server...
[154646.720][0005][Information] - Connecting to account server...
[154648.766][0020][      Error] - Failed to connect to the server...
[154648.768][0020][Information] - Connecting to account server...
[154650.803][0013][      Error] - Failed to connect to the server...
[154650.805][0016][Information] - Connecting to account server...
[154652.851][0008][      Error] - Failed to connect to the server...
[154652.854][0005][Information] - Connecting to account server...
[154654.902][0008][      Error] - Failed to connect to the server...
[154654.907][0013][Information] - Connecting to account server...
[154656.950][0005][      Error] - Failed to connect to the server...
[154656.954][0016][Information] - Connecting to account server...
[154659.002][0008][      Error] - Failed to connect to the server...
[154659.004][0008][Information] - Connecting to account server...
[154701.053][0008][      Error] - Failed to connect to the server...
[154701.055][0005][Information] - Connecting to account server...
[154703.107][0013][      Error] - Failed to connect to the server...
[154703.110][0016][Information] - Connecting to account server...
[154705.151][0013][      Error] - Failed to connect to the server...
[154705.154][0005][Information] - Connecting to account server...
[154707.200][0008][      Error] - Failed to connect to the server...
[154707.202][0008][Information] - Connecting to account server...
[154709.248][0013][      Error] - Failed to connect to the server...
[154709.251][0005][Information] - Connecting to account server...
[154711.304][0005][      Error] - Failed to connect to the server...
[154711.306][0008][Information] - Connecting to account server...
[154713.335][0008][      Error] - Failed to connect to the server...
[154713.337][0008][Information] - Connecting to account server...
[154715.378][0008][      Error] - Failed to connect to the server...
[154715.381][0008][Information] - Connecting to account server...
[154717.423][0013][      Error] - Failed to connect to the server...
[154717.425][0017][Information] - Connecting to account server...
[154719.483][0013][      Error] - Failed to connect to the server...
[154719.486][0008][Information] - Connecting to account server...
[154721.528][0005][      Error] - Failed to connect to the server...
[154721.530][0013][Information] - Connecting to account server...
[154723.569][0005][      Error] - Failed to connect to the server...
[154723.571][0005][Information] - Connecting to account server...
[154725.600][0008][      Error] - Failed to connect to the server...
[154725.604][0005][Information] - Connecting to account server...
[154727.645][0016][      Error] - Failed to connect to the server...
[154727.649][0005][Information] - Connecting to account server...
[154729.688][0013][      Error] - Failed to connect to the server...
[154729.692][0017][Information] - Connecting to account server...
[154731.735][0005][      Error] - Failed to connect to the server...
[154731.737][0005][Information] - Connecting to account server...
[154733.776][0005][      Error] - Failed to connect to the server...
[154733.777][0005][Information] - Connecting to account server...
[154735.821][0005][      Error] - Failed to connect to the server...
[154735.823][0008][Information] - Connecting to account server...
[154737.864][0013][      Error] - Failed to connect to the server...
[154737.866][0013][Information] - Connecting to account server...
[154739.920][0016][      Error] - Failed to connect to the server...
[154739.922][0013][Information] - Connecting to account server...
[154741.969][0008][      Error] - Failed to connect to the server...
[154741.974][0008][Information] - Connecting to account server...
[154744.031][0008][      Error] - Failed to connect to the server...
[154744.033][0016][Information] - Connecting to account server...
[154746.072][0005][      Error] - Failed to connect to the server...
[154746.074][0005][Information] - Connecting to account server...
[154748.116][0008][      Error] - Failed to connect to the server...
[154748.119][0013][Information] - Connecting to account server...
[154750.155][0008][      Error] - Failed to connect to the server...
[154750.157][0008][Information] - Connecting to account server...
[154752.198][0016][      Error] - Failed to connect to the server...
[154752.200][0016][Information] - Connecting to account server...
[154754.246][0008][      Error] - Failed to connect to the server...
[154754.248][0005][Information] - Connecting to account server...
[154756.293][0016][      Error] - Failed to connect to the server...
[154756.295][0016][Information] - Connecting to account server...
[154758.344][0008][      Error] - Failed to connect to the server...
[154758.346][0013][Information] - Connecting to account server...
[154800.388][0005][      Error] - Failed to connect to the server...
[154800.390][0008][Information] - Connecting to account server...
[154802.432][0013][      Error] - Failed to connect to the server...
[154802.434][0005][Information] - Connecting to account server...
[154804.465][0005][      Error] - Failed to connect to the server...
[154804.467][0016][Information] - Connecting to account server...
[154806.501][0008][      Error] - Failed to connect to the server...
[154806.504][0013][Information] - Connecting to account server...
[154808.542][0013][      Error] - Failed to connect to the server...
[154808.545][0008][Information] - Connecting to account server...
[154810.586][0005][      Error] - Failed to connect to the server...
[154810.588][0016][Information] - Connecting to account server...
[154812.633][0013][      Error] - Failed to connect to the server...
[154812.636][0016][Information] - Connecting to account server...
[154814.681][0008][      Error] - Failed to connect to the server...
[154814.682][0013][Information] - Connecting to account server...
[154816.735][0013][      Error] - Failed to connect to the server...
[154816.737][0013][Information] - Connecting to account server...
[154818.791][0005][      Error] - Failed to connect to the server...
[154818.793][0005][Information] - Connecting to account server...
[154820.827][0017][      Error] - Failed to connect to the server...
[154820.829][0008][Information] - Connecting to account server...
[154822.876][0008][      Error] - Failed to connect to the server...
[154822.877][0008][Information] - Connecting to account server...
[154824.916][0005][      Error] - Failed to connect to the server...
[154824.918][0016][Information] - Connecting to account server...
[154826.955][0005][      Error] - Failed to connect to the server...
[154826.957][0016][Information] - Connecting to account server...
[154829.007][0008][      Error] - Failed to connect to the server...
[154829.009][0008][Information] - Connecting to account server...
[154831.044][0013][      Error] - Failed to connect to the server...
[154831.045][0016][Information] - Connecting to account server...
[154833.102][0008][      Error] - Failed to connect to the server...
[154833.105][0008][Information] - Connecting to account server...
[154835.155][0016][      Error] - Failed to connect to the server...
[154835.157][0008][Information] - Connecting to account server...
[154837.187][0016][      Error] - Failed to connect to the server...
[154837.189][0017][Information] - Connecting to account server...
[154839.230][0013][      Error] - Failed to connect to the server...
[154839.232][0008][Information] - Connecting to account server...
[154841.274][0008][      Error] - Failed to connect to the server...
[154841.276][0005][Information] - Connecting to account server...
[154843.311][0005][      Error] - Failed to connect to the server...
[154843.313][0005][Information] - Connecting to account server...
[154845.345][0005][      Error] - Failed to connect to the server...
[154845.347][0017][Information] - Connecting to account server...
[154847.392][0008][      Error] - Failed to connect to the server...
[154847.394][0016][Information] - Connecting to account server...
[154849.428][0008][      Error] - Failed to connect to the server...
[154849.430][0005][Information] - Connecting to account server...
[154851.476][0005][      Error] - Failed to connect to the server...
[154851.478][0016][Information] - Connecting to account server...
[154853.511][0005][      Error] - Failed to connect to the server...
[154853.513][0013][Information] - Connecting to account server...
[154855.557][0008][      Error] - Failed to connect to the server...
[154855.559][0013][Information] - Connecting to account server...
[154857.601][0008][      Error] - Failed to connect to the server...
[154857.603][0016][Information] - Connecting to account server...
[154859.651][0017][      Error] - Failed to connect to the server...
[154859.654][0017][Information] - Connecting to account server...
[154901.697][0005][      Error] - Failed to connect to the server...
[154901.700][0016][Information] - Connecting to account server...
[154903.744][0008][      Error] - Failed to connect to the server...
[154903.746][0013][Information] - Connecting to account server...
[154905.781][0013][      Error] - Failed to connect to the server...
[154905.784][0008][Information] - Connecting to account server...
[154907.840][0008][      Error] - Failed to connect to the server...
[154907.842][0016][Information] - Connecting to account server...
[154909.885][0005][      Error] - Failed to connect to the server...
[154909.887][0013][Information] - Connecting to account server...
[154911.927][0005][      Error] - Failed to connect to the server...
[154911.929][0005][Information] - Connecting to account server...
[154913.966][0005][      Error] - Failed to connect to the server...
[154913.968][0005][Information] - Connecting to account server...
[154916.010][0008][      Error] - Failed to connect to the server...
[154916.012][0013][Information] - Connecting to account server...
[154918.062][0005][      Error] - Failed to connect to the server...
[154918.064][0013][Information] - Connecting to account server...
[154920.109][0005][      Error] - Failed to connect to the server...
[154920.111][0008][Information] - Connecting to account server...
[154922.154][0008][      Error] - Failed to connect to the server...
[154922.156][0005][Information] - Connecting to account server...
[154924.196][0008][      Error] - Failed to connect to the server...
[154924.198][0016][Information] - Connecting to account server...
[154926.240][0005][      Error] - Failed to connect to the server...
[154926.242][0017][Information] - Connecting to account server...
[154928.271][0005][      Error] - Failed to connect to the server...
[154928.273][0008][Information] - Connecting to account server...
[154930.322][0008][      Error] - Failed to connect to the server...
[154930.324][0016][Information] - Connecting to account server...
[154932.369][0013][      Error] - Failed to connect to the server...
[154932.371][0008][Information] - Connecting to account server...
[154934.409][0016][      Error] - Failed to connect to the server...
[154934.411][0016][Information] - Connecting to account server...
[154936.445][0005][      Error] - Failed to connect to the server...
[154936.446][0008][Information] - Connecting to account server...
[154938.490][0008][      Error] - Failed to connect to the server...
[154938.492][0008][Information] - Connecting to account server...
[154940.535][0008][      Error] - Failed to connect to the server...
[154940.537][0008][Information] - Connecting to account server...
[154942.595][0008][      Error] - Failed to connect to the server...
[154942.597][0013][Information] - Connecting to account server...
[154944.646][0016][      Error] - Failed to connect to the server...
[154944.650][0016][Information] - Connecting to account server...
[154946.712][0005][      Error] - Failed to connect to the server...
[154946.714][0013][Information] - Connecting to account server...
[154948.748][0005][      Error] - Failed to connect to the server...
[154948.753][0008][Information] - Connecting to account server...
[154950.795][0008][      Error] - Failed to connect to the server...
[154950.797][0013][Information] - Connecting to account server...
[154952.852][0005][      Error] - Failed to connect to the server...
[154952.856][0005][Information] - Connecting to account server...
[154954.891][0016][      Error] - Failed to connect to the server...
[154954.894][0016][Information] - Connecting to account server...
[154956.927][0013][      Error] - Failed to connect to the server...
[154956.929][0013][Information] - Connecting to account server...
[154958.962][0016][      Error] - Failed to connect to the server...
[154958.963][0016][Information] - Connecting to account server...
[155001.015][0008][      Error] - Failed to connect to the server...
[155001.019][0008][Information] - Connecting to account server...
[155003.057][0008][      Error] - Failed to connect to the server...
[155003.060][0013][Information] - Connecting to account server...
[155005.099][0013][      Error] - Failed to connect to the server...
[155005.101][0013][Information] - Connecting to account server...
[155007.146][0005][      Error] - Failed to connect to the server...
[155007.148][0005][Information] - Connecting to account server...
[155009.191][0005][      Error] - Failed to connect to the server...
[155009.193][0008][Information] - Connecting to account server...
[155011.234][0008][      Error] - Failed to connect to the server...
[155011.236][0008][Information] - Connecting to account server...
[155013.287][0016][      Error] - Failed to connect to the server...
[155013.288][0016][Information] - Connecting to account server...
[160917.631][0010][Information] - Default Quartz.NET properties loaded from embedded resource file
[160917.651][0010][Information] - Initialized Scheduler Signaller of type: Quartz.Core.SchedulerSignalerImpl
[160917.652][0010][Information] - Quartz Scheduler created
[160917.654][0010][Information] - RAMJobStore initialized.
[160917.656][0010][Information] - Quartz Scheduler 3.6.2.0 - 'DefaultQuartzScheduler' with instanceId 'NON_CLUSTERED' initialized
[160917.658][0010][Information] - Using thread pool 'Quartz.Simpl.DefaultThreadPool', size: 10
[160917.659][0010][Information] - Using job store 'Quartz.Simpl.RAMJobStore', supports persistence: False, clustered: False
[160917.664][0010][Information] - Scheduler DefaultQuartzScheduler_$_NON_CLUSTERED started.
[160917.692][0010][Information] - Listening on 192.168.0.106:5816
[160917.699][0007][Information] - Connecting to account server...
